2025-06-12 00:58:26,657 - semgrep.run_scan - DEBUG - semgrep version 1.4.0
2025-06-12 00:58:26,664 - semgrep.git - DEBUG - Failed to get project url from 'git ls-remote': Command failed with exit code: 128
-----
Command failed with output:
fatal: No remote configured to list refs from.


Failed to run 'git ls-remote --get-url'. Possible reasons:

- the git binary is not available
- the current working directory is not a git repository
- the baseline commit is not a parent of the current commit
    (if you are running through semgrep-app, check if you are setting `SEMGREP_BRANCH` or `SEMGREP_BASELINE_COMMIT` properly)
- the current working directory is not marked as safe
    (fix with `git config --global --add safe.directory $(pwd)`)

Try running the command yourself to debug the issue.
2025-06-12 00:58:26,665 - semgrep.config_resolver - DEBUG - Loading local config from /home/runner/workspace/.config/.semgrep/semgrep_rules.json
2025-06-12 00:58:26,667 - semgrep.config_resolver - DEBUG - Done loading local config from /home/runner/workspace/.config/.semgrep/semgrep_rules.json
2025-06-12 00:58:26,670 - semgrep.config_resolver - DEBUG - Saving rules to /tmp/semgrep-ank6n_dc.rules
2025-06-12 00:58:27,566 - semgrep.rule_lang - DEBUG - semgrep-core validation response: valid=True
2025-06-12 00:58:27,566 - semgrep.rule_lang - DEBUG - semgrep-core validation succeeded
2025-06-12 00:58:27,566 - semgrep.rule_lang - DEBUG - RPC validation succeeded
2025-06-12 00:58:27,566 - semgrep.config_resolver - DEBUG - loaded 1 configs in 0.9018919467926025
2025-06-12 00:58:27,668 - semgrep.run_scan - VERBOSE - running 712 rules from 1 config /home/runner/workspace/.config/.semgrep/semgrep_rules.json_0
2025-06-12 00:58:27,668 - semgrep.run_scan - VERBOSE - No .semgrepignore found. Using default .semgrepignore rules. See the docs for the list of default ignores: https://semgrep.dev/docs/cli-usage/#ignore-files
2025-06-12 00:58:27,671 - semgrep.run_scan - VERBOSE - Rules:
2025-06-12 00:58:27,671 - semgrep.run_scan - VERBOSE - <SKIPPED DATA (too many entries; use --max-log-list-entries)>
2025-06-12 00:58:27,815 - semgrep.core_runner - DEBUG - Passing whole rules directly to semgrep_core
2025-06-12 00:58:27,903 - semgrep.core_runner - DEBUG - Running Semgrep engine with command:
2025-06-12 00:58:27,904 - semgrep.core_runner - DEBUG - /tmp/_MEIHitAwL/semgrep/bin/opengrep-core -json -rules /tmp/tmpgc4e1k3f.json -j 8 -targets /tmp/tmp0jzoeo2t -timeout 5 -timeout_threshold 3 -max_memory 0 -fast
2025-06-12 00:58:28,738 - semgrep.core_runner - DEBUG - --- semgrep-core stderr ---
[00.08][[34mINFO[0m]: Executed as: /tmp/_MEIHitAwL/semgrep/bin/opengrep-core -json -rules /tmp/tmpgc4e1k3f.json -j 8 -targets /tmp/tmp0jzoeo2t -timeout 5 -timeout_threshold 3 -max_memory 0 -fast
[00.08][[34mINFO[0m]: Version: 1.4.0
[00.08][[34mINFO[0m]: Parsing rules in /tmp/tmpgc4e1k3f.json
[00.58][[34mINFO[0m]: scan: processing 48 files (skipping 0), with 267 rules (skipping 0 )
--- end semgrep-core stderr ---
2025-06-12 00:58:28,745 - semgrep.core_runner - DEBUG - semgrep ran in 0:00:00.929651 on 20 files
2025-06-12 00:58:28,747 - semgrep.core_runner - DEBUG - findings summary: 0 warning, 0 error, 0 info
2025-06-12 00:58:28,749 - semgrep.app.auth - DEBUG - Getting API token from settings file
2025-06-12 00:58:28,749 - semgrep.app.auth - DEBUG - No API token found in settings file
2025-06-12 00:58:28,890 - semgrep.output - VERBOSE - 
========================================
Files skipped:
========================================

  Always skipped by Opengrep:

   • <none>

  Skipped by .gitignore:
  (Disable by passing --no-git-ignore)

   • <all files not listed by `git ls-files` were skipped>

  Skipped by .semgrepignore:
  - https://semgrep.dev/docs/ignoring-files-folders-code/#understand-semgrep-defaults

   • <none>

  Skipped by --include patterns:

   • <none>

  Skipped by --exclude patterns:

   • <none>

  Files skipped due to insufficient read permissions:

   • <none>

  Skipped by limiting to files smaller than 1000000 bytes:
  (Adjust with the --max-target-bytes flag)

   • Bungee/Bungee.jar
   • Bungee/plugins/EaglerXBungee-Memleak-Fixed.jar
   • Bungee/plugins/EaglercraftXBungee/drivers/sqlite-jdbc.jar
   • Bungee/proxy.log.0

  Partially analyzed due to parsing or internal Opengrep errors

   • <none>

2025-06-12 00:58:28,892 - semgrep.output - INFO - Some files were skipped or only partially analyzed.
  Scan was limited to files tracked by git.
  Scan skipped: 4 files larger than 1.0 MB
  For a full list of skipped files, run opengrep with the --verbose flag.

Ran 230 rules on 20 files: 0 findings.
2025-06-12 00:58:28,892 - semgrep.app.version - DEBUG - Version cache does not exist
2025-06-12 00:58:28,892 - semgrep.app.version - DEBUG - Version cache does not exist
2025-06-12 00:58:28,909 - semgrep.metrics - VERBOSE - Not sending pseudonymous metrics since metrics are configured to OFF and registry usage is False
